::1 - - [03/Feb/2019:11:42:02 +0000] "GET /api/book HTTP/1.1" 200 38 "-" "PostmanRuntime/7.6.0"
::1 - - [03/Feb/2019:12:44:09 +0000] "GET /error HTTP/1.1" 500 2828 "-" "PostmanRuntime/7.6.0"
::1 - - [03/Feb/2019:12:47:44 +0000] "GET /error HTTP/1.1" 500 2828 "-" "PostmanRuntime/7.6.0"
::1 - - [03/Feb/2019:12:49:27 +0000] "GET /error HTTP/1.1" 500 2828 "-" "PostmanRuntime/7.6.0"
::1 - - [03/Feb/2019:12:49:42 +0000] "GET /error HTTP/1.1" 500 2828 "-" "PostmanRuntime/7.6.0"
::1 - - [03/Feb/2019:12:50:47 +0000] "GET /error HTTP/1.1" 500 2828 "-" "PostmanRuntime/7.6.0"
::1 - - [03/Feb/2019:12:51:21 +0000] "GET /error HTTP/1.1" 500 2828 "-" "PostmanRuntime/7.6.0"
::1 - - [03/Feb/2019:13:30:37 +0000] "POST /user HTTP/1.1" 404 144 "-" "PostmanRuntime/7.6.0"
::1 - - [03/Feb/2019:13:31:51 +0000] "POST /user HTTP/1.1" 404 144 "-" "PostmanRuntime/7.6.0"
::1 - - [03/Feb/2019:13:34:34 +0000] "POST /api/user HTTP/1.1" - - "-" "PostmanRuntime/7.6.0"
::1 - - [03/Feb/2019:13:51:19 +0000] "POST /api/user HTTP/1.1" 201 63 "-" "PostmanRuntime/7.6.0"
::1 - - [03/Feb/2019:13:59:46 +0000] "POST /api/user HTTP/1.1" 201 59 "-" "PostmanRuntime/7.6.0"
::1 - - [03/Feb/2019:15:24:58 +0000] "POST /api/book HTTP/1.1" 201 42 "-" "PostmanRuntime/7.6.0"
::1 - - [03/Feb/2019:15:25:36 +0000] "POST /api/user HTTP/1.1" 201 37 "-" "PostmanRuntime/7.6.0"
::1 - - [03/Feb/2019:15:26:45 +0000] "POST /api/1/user/book HTTP/1.1" 404 155 "-" "PostmanRuntime/7.6.0"
::1 - - [03/Feb/2019:15:29:23 +0000] "POST /api/user/book HTTP/1.1" - - "-" "PostmanRuntime/7.6.0"
::1 - - [03/Feb/2019:15:37:47 +0000] "POST /api/user/book HTTP/1.1" - - "-" "PostmanRuntime/7.6.0"
::1 - - [03/Feb/2019:15:40:05 +0000] "POST /api/user/8/book HTTP/1.1" - - "-" "PostmanRuntime/7.6.0"
::1 - - [03/Feb/2019:15:46:50 +0000] "POST /api/user/8/book HTTP/1.1" 400 25 "-" "PostmanRuntime/7.6.0"
::1 - - [03/Feb/2019:15:47:13 +0000] "POST /api/user/8/book HTTP/1.1" 400 25 "-" "PostmanRuntime/7.6.0"
::1 - - [03/Feb/2019:15:48:11 +0000] "POST /api/user/8/book HTTP/1.1" 400 25 "-" "PostmanRuntime/7.6.0"
::1 - - [03/Feb/2019:15:51:31 +0000] "POST /api/user/8/book HTTP/1.1" - - "-" "PostmanRuntime/7.6.0"
::1 - - [03/Feb/2019:15:55:47 +0000] "POST /api/user/8/book HTTP/1.1" - - "-" "PostmanRuntime/7.6.0"
::1 - - [03/Feb/2019:16:02:11 +0000] "POST /api/user/8/book HTTP/1.1" 200 39 "-" "PostmanRuntime/7.6.0"
::1 - - [03/Feb/2019:16:03:27 +0000] "POST /api/user/book HTTP/1.1" 200 39 "-" "PostmanRuntime/7.6.0"
::1 - - [03/Feb/2019:16:04:20 +0000] "POST /api/user/book HTTP/1.1" 200 39 "-" "PostmanRuntime/7.6.0"
::1 - - [03/Feb/2019:16:29:26 +0000] "DELETE /api/user/book HTTP/1.1" 200 39 "-" "PostmanRuntime/7.6.0"
::1 - - [03/Feb/2019:16:30:08 +0000] "POST /api/user/book HTTP/1.1" 200 39 "-" "PostmanRuntime/7.6.0"
::1 - - [03/Feb/2019:16:31:10 +0000] "DELETE /api/user HTTP/1.1" 201 37 "-" "PostmanRuntime/7.6.0"
::1 - - [03/Feb/2019:17:00:03 +0000] "POST /api/user HTTP/1.1" 201 37 "-" "PostmanRuntime/7.6.0"
::1 - - [03/Feb/2019:17:00:27 +0000] "POST /api/user/book HTTP/1.1" 200 39 "-" "PostmanRuntime/7.6.0"
::1 - - [03/Feb/2019:17:00:44 +0000] "DELETE /api/book HTTP/1.1" 204 - "-" "PostmanRuntime/7.6.0"
::1 - - [03/Feb/2019:17:06:42 +0000] "DELETE /api/book HTTP/1.1" 404 150 "-" "PostmanRuntime/7.6.0"
::1 - - [03/Feb/2019:17:07:02 +0000] "POST /api/book HTTP/1.1" 404 148 "-" "PostmanRuntime/7.6.0"
::1 - - [03/Feb/2019:17:07:31 +0000] "POST /api/book HTTP/1.1" 201 42 "-" "PostmanRuntime/7.6.0"
::1 - - [03/Feb/2019:17:07:45 +0000] "DELETE /api/book HTTP/1.1" 204 - "-" "PostmanRuntime/7.6.0"
::1 - - [03/Feb/2019:18:27:21 +0000] "POST /api/book HTTP/1.1" 400 - "-" "PostmanRuntime/7.6.0"
::1 - - [03/Feb/2019:18:27:59 +0000] "POST /api/book HTTP/1.1" 400 - "-" "PostmanRuntime/7.6.0"
::1 - - [03/Feb/2019:18:28:20 +0000] "POST /api/book HTTP/1.1" 201 50 "-" "PostmanRuntime/7.6.0"
::1 - - [03/Feb/2019:18:58:13 +0000] "POST /api/book HTTP/1.1" 201 51 "-" "PostmanRuntime/7.6.0"
::1 - - [03/Feb/2019:19:00:02 +0000] "POST /api/book HTTP/1.1" 400 - "-" "PostmanRuntime/7.6.0"
::1 - - [03/Feb/2019:19:00:45 +0000] "POST /api/book HTTP/1.1" 400 - "-" "PostmanRuntime/7.6.0"
::1 - - [03/Feb/2019:19:01:08 +0000] "POST /api/book HTTP/1.1" 500 2864 "-" "PostmanRuntime/7.6.0"
::1 - - [03/Feb/2019:19:31:17 +0000] "POST /api/book HTTP/1.1" 500 3145 "-" "PostmanRuntime/7.6.0"
::1 - - [03/Feb/2019:19:31:36 +0000] "POST /api/book HTTP/1.1" 201 50 "-" "PostmanRuntime/7.6.0"
::1 - - [03/Feb/2019:19:31:40 +0000] "POST /api/book HTTP/1.1" 201 50 "-" "PostmanRuntime/7.6.0"
::1 - - [03/Feb/2019:19:31:42 +0000] "POST /api/book HTTP/1.1" 201 50 "-" "PostmanRuntime/7.6.0"
::1 - - [03/Feb/2019:19:31:44 +0000] "POST /api/book HTTP/1.1" 201 50 "-" "PostmanRuntime/7.6.0"
::1 - - [03/Feb/2019:19:31:50 +0000] "POST /api/book HTTP/1.1" 201 46 "-" "PostmanRuntime/7.6.0"
::1 - - [03/Feb/2019:19:32:11 +0000] "POST /api/book HTTP/1.1" 201 50 "-" "PostmanRuntime/7.6.0"
::1 - - [03/Feb/2019:19:32:17 +0000] "POST /api/book HTTP/1.1" 201 49 "-" "PostmanRuntime/7.6.0"
::1 - - [03/Feb/2019:19:42:45 +0000] "GET /api/book?page=1 HTTP/1.1" 200 776 "-" "PostmanRuntime/7.6.0"
::1 - - [03/Feb/2019:19:43:12 +0000] "GET /api/book?page=1 HTTP/1.1" 200 466 "-" "PostmanRuntime/7.6.0"
::1 - - [03/Feb/2019:20:01:04 +0000] "POST /api/book HTTP/1.1" 201 50 "-" "PostmanRuntime/7.6.0"
::1 - - [03/Feb/2019:20:01:13 +0000] "POST /api/book HTTP/1.1" 201 46 "-" "PostmanRuntime/7.6.0"
::1 - - [03/Feb/2019:20:01:22 +0000] "POST /api/book HTTP/1.1" 201 61 "-" "PostmanRuntime/7.6.0"
::1 - - [03/Feb/2019:20:04:24 +0000] "DELETE /api/author/9 HTTP/1.1" - - "-" "PostmanRuntime/7.6.0"
::1 - - [03/Feb/2019:20:06:34 +0000] "DELETE /api/book HTTP/1.1" 404 150 "-" "PostmanRuntime/7.6.0"
::1 - - [03/Feb/2019:20:06:48 +0000] "POST /api/book HTTP/1.1" 201 60 "-" "PostmanRuntime/7.6.0"
::1 - - [03/Feb/2019:20:06:54 +0000] "POST /api/book HTTP/1.1" 201 50 "-" "PostmanRuntime/7.6.0"
::1 - - [03/Feb/2019:20:07:00 +0000] "POST /api/book HTTP/1.1" 201 48 "-" "PostmanRuntime/7.6.0"
::1 - - [03/Feb/2019:20:08:38 +0000] "DELETE /api/author/1 HTTP/1.1" 200 838 "-" "PostmanRuntime/7.6.0"
::1 - - [03/Feb/2019:20:09:24 +0000] "DELETE /api/book/1 HTTP/1.1" 204 - "-" "PostmanRuntime/7.6.0"
::1 - - [03/Feb/2019:20:09:39 +0000] "DELETE /api/book/1 HTTP/1.1" 204 - "-" "PostmanRuntime/7.6.0"
::1 - - [03/Feb/2019:20:09:53 +0000] "DELETE /api/book/1 HTTP/1.1" 204 - "-" "PostmanRuntime/7.6.0"
::1 - - [03/Feb/2019:20:10:08 +0000] "DELETE /api/author/1 HTTP/1.1" 400 - "-" "PostmanRuntime/7.6.0"
::1 - - [03/Feb/2019:20:10:17 +0000] "DELETE /api/author/1 HTTP/1.1" 204 - "-" "PostmanRuntime/7.6.0"
::1 - - [03/Feb/2019:20:13:43 +0000] "DELETE /api/author/1 HTTP/1.1" 404 33 "-" "PostmanRuntime/7.6.0"
::1 - - [03/Feb/2019:20:18:52 +0000] "POST /api/book HTTP/1.1" 201 48 "-" "PostmanRuntime/7.6.0"
::1 - - [03/Feb/2019:20:18:57 +0000] "POST /api/book HTTP/1.1" 201 48 "-" "PostmanRuntime/7.6.0"
::1 - - [03/Feb/2019:20:19:01 +0000] "POST /api/book HTTP/1.1" 201 47 "-" "PostmanRuntime/7.6.0"
::1 - - [03/Feb/2019:20:19:18 +0000] "DELETE /api/author/1 HTTP/1.1" 403 57 "-" "PostmanRuntime/7.6.0"
::1 - - [03/Feb/2019:20:41:04 +0000] "POST /api/author HTTP/1.1" 201 40 "-" "PostmanRuntime/7.6.0"
::1 - - [03/Feb/2019:20:41:16 +0000] "DELETE /api/author/1 HTTP/1.1" 204 - "-" "PostmanRuntime/7.6.0"
::1 - - [03/Feb/2019:20:48:10 +0000] "POST /api/book HTTP/1.1" 201 47 "-" "PostmanRuntime/7.6.0"
::1 - - [05/Feb/2019:08:49:27 +0000] "POST /api/book HTTP/1.1" 201 50 "-" "PostmanRuntime/7.6.0"
::1 - - [05/Feb/2019:08:49:40 +0000] "GET /api/book/1 HTTP/1.1" 400 - "-" "PostmanRuntime/7.6.0"
::1 - - [05/Feb/2019:08:49:56 +0000] "GET /api/book/1 HTTP/1.1" 200 276 "-" "PostmanRuntime/7.6.0"
::1 - - [06/Feb/2019:14:31:54 +0000] "POST /api/author HTTP/1.1" - - "-" "PostmanRuntime/7.6.0"
::1 - - [06/Feb/2019:15:14:54 +0000] "POST /api/author HTTP/1.1" 201 45 "-" "PostmanRuntime/7.6.0"
::1 - - [06/Feb/2019:15:19:45 +0000] "POST /api/author HTTP/1.1" 201 98 "-" "PostmanRuntime/7.6.0"
::1 - - [06/Feb/2019:15:20:21 +0000] "GET /api/author/1 HTTP/1.1" 200 63 "-" "PostmanRuntime/7.6.0"
::1 - - [06/Feb/2019:15:48:42 +0000] "DELETE /api/author/1 HTTP/1.1" 204 - "-" "PostmanRuntime/7.6.0"
::1 - - [06/Feb/2019:15:49:22 +0000] "DELETE /api/author/1 HTTP/1.1" 204 - "-" "PostmanRuntime/7.6.0"
::1 - - [06/Feb/2019:15:49:41 +0000] "DELETE /api/author/1 HTTP/1.1" 204 - "-" "PostmanRuntime/7.6.0"
::1 - - [06/Feb/2019:15:49:55 +0000] "DELETE /api/author/1 HTTP/1.1" 204 - "-" "PostmanRuntime/7.6.0"
::1 - - [06/Feb/2019:15:49:56 +0000] "DELETE /api/author/1 HTTP/1.1" 204 - "-" "PostmanRuntime/7.6.0"
::1 - - [06/Feb/2019:15:49:57 +0000] "DELETE /api/author/1 HTTP/1.1" 204 - "-" "PostmanRuntime/7.6.0"
::1 - - [06/Feb/2019:15:49:58 +0000] "DELETE /api/author/1 HTTP/1.1" 204 - "-" "PostmanRuntime/7.6.0"
::1 - - [06/Feb/2019:15:49:58 +0000] "DELETE /api/author/1 HTTP/1.1" 204 - "-" "PostmanRuntime/7.6.0"
::1 - - [06/Feb/2019:15:49:59 +0000] "DELETE /api/author/1 HTTP/1.1" 204 - "-" "PostmanRuntime/7.6.0"
::1 - - [06/Feb/2019:15:50:00 +0000] "DELETE /api/author/1 HTTP/1.1" 204 - "-" "PostmanRuntime/7.6.0"
::1 - - [06/Feb/2019:15:50:00 +0000] "DELETE /api/author/1 HTTP/1.1" 204 - "-" "PostmanRuntime/7.6.0"
::1 - - [06/Feb/2019:15:50:01 +0000] "DELETE /api/author/1 HTTP/1.1" 204 - "-" "PostmanRuntime/7.6.0"
::1 - - [06/Feb/2019:15:50:02 +0000] "DELETE /api/author/1 HTTP/1.1" 204 - "-" "PostmanRuntime/7.6.0"
::1 - - [06/Feb/2019:15:50:02 +0000] "DELETE /api/author/1 HTTP/1.1" 204 - "-" "PostmanRuntime/7.6.0"
::1 - - [06/Feb/2019:15:50:03 +0000] "DELETE /api/author/1 HTTP/1.1" 204 - "-" "PostmanRuntime/7.6.0"
::1 - - [06/Feb/2019:15:50:20 +0000] "DELETE /api/author/1 HTTP/1.1" 204 - "-" "PostmanRuntime/7.6.0"
::1 - - [06/Feb/2019:15:50:38 +0000] "POST /api/author HTTP/1.1" 201 98 "-" "PostmanRuntime/7.6.0"
::1 - - [06/Feb/2019:15:50:39 +0000] "POST /api/author HTTP/1.1" 201 98 "-" "PostmanRuntime/7.6.0"
::1 - - [06/Feb/2019:15:50:39 +0000] "POST /api/author HTTP/1.1" 201 98 "-" "PostmanRuntime/7.6.0"
::1 - - [06/Feb/2019:15:50:40 +0000] "POST /api/author HTTP/1.1" 201 98 "-" "PostmanRuntime/7.6.0"
::1 - - [06/Feb/2019:15:50:41 +0000] "POST /api/author HTTP/1.1" 201 98 "-" "PostmanRuntime/7.6.0"
::1 - - [06/Feb/2019:15:50:45 +0000] "DELETE /api/author HTTP/1.1" 404 152 "-" "PostmanRuntime/7.6.0"
::1 - - [06/Feb/2019:15:50:52 +0000] "DELETE /api/author/1 HTTP/1.1" 204 - "-" "PostmanRuntime/7.6.0"
::1 - - [06/Feb/2019:15:51:08 +0000] "DELETE /api/author/1 HTTP/1.1" 204 - "-" "PostmanRuntime/7.6.0"
::1 - - [06/Feb/2019:15:51:11 +0000] "DELETE /api/author/1 HTTP/1.1" 204 - "-" "PostmanRuntime/7.6.0"
::1 - - [06/Feb/2019:15:51:13 +0000] "DELETE /api/author/1 HTTP/1.1" 204 - "-" "PostmanRuntime/7.6.0"
::1 - - [06/Feb/2019:15:51:15 +0000] "DELETE /api/author/1 HTTP/1.1" 204 - "-" "PostmanRuntime/7.6.0"
::1 - - [06/Feb/2019:15:51:22 +0000] "DELETE /api/author/1 HTTP/1.1" 204 - "-" "PostmanRuntime/7.6.0"
::1 - - [06/Feb/2019:15:51:49 +0000] "DELETE /api/author/1 HTTP/1.1" 204 - "-" "PostmanRuntime/7.6.0"
::1 - - [06/Feb/2019:15:52:15 +0000] "DELETE /api/author/1 HTTP/1.1" 204 - "-" "PostmanRuntime/7.6.0"
::1 - - [06/Feb/2019:15:52:16 +0000] "DELETE /api/author/1 HTTP/1.1" 204 - "-" "PostmanRuntime/7.6.0"
::1 - - [06/Feb/2019:15:52:17 +0000] "DELETE /api/author/1 HTTP/1.1" 204 - "-" "PostmanRuntime/7.6.0"
::1 - - [06/Feb/2019:15:52:17 +0000] "DELETE /api/author/1 HTTP/1.1" 204 - "-" "PostmanRuntime/7.6.0"
::1 - - [06/Feb/2019:15:52:18 +0000] "DELETE /api/author/1 HTTP/1.1" 204 - "-" "PostmanRuntime/7.6.0"
::1 - - [06/Feb/2019:15:52:19 +0000] "DELETE /api/author/1 HTTP/1.1" 204 - "-" "PostmanRuntime/7.6.0"
::1 - - [06/Feb/2019:15:52:19 +0000] "DELETE /api/author/1 HTTP/1.1" 204 - "-" "PostmanRuntime/7.6.0"
::1 - - [06/Feb/2019:15:52:20 +0000] "DELETE /api/author/1 HTTP/1.1" 204 - "-" "PostmanRuntime/7.6.0"
::1 - - [06/Feb/2019:15:52:20 +0000] "DELETE /api/author/1 HTTP/1.1" 204 - "-" "PostmanRuntime/7.6.0"
::1 - - [06/Feb/2019:15:52:49 +0000] "DELETE /api/author/1 HTTP/1.1" 204 - "-" "PostmanRuntime/7.6.0"
::1 - - [06/Feb/2019:15:53:02 +0000] "DELETE /api/author/1 HTTP/1.1" 200 31 "-" "PostmanRuntime/7.6.0"
::1 - - [06/Feb/2019:15:54:10 +0000] "DELETE /api/author/1 HTTP/1.1" 204 - "-" "PostmanRuntime/7.6.0"
::1 - - [06/Feb/2019:15:54:15 +0000] "DELETE /api/author/1 HTTP/1.1" 204 - "-" "PostmanRuntime/7.6.0"
::1 - - [06/Feb/2019:15:54:24 +0000] "DELETE /api/author/1 HTTP/1.1" 200 33 "-" "PostmanRuntime/7.6.0"
::1 - - [06/Feb/2019:15:54:54 +0000] "POST /api/author HTTP/1.1" 201 98 "-" "PostmanRuntime/7.6.0"
::1 - - [06/Feb/2019:15:55:13 +0000] "DELETE /api/author/1 HTTP/1.1" 200 33 "-" "PostmanRuntime/7.6.0"
::1 - - [06/Feb/2019:15:55:46 +0000] "POST /api/author/1 HTTP/1.1" 404 152 "-" "PostmanRuntime/7.6.0"
::1 - - [06/Feb/2019:15:55:49 +0000] "POST /api/author HTTP/1.1" 201 45 "-" "PostmanRuntime/7.6.0"
::1 - - [06/Feb/2019:15:58:55 +0000] "POST /api/author HTTP/1.1" 500 166 "-" "PostmanRuntime/7.6.0"
::1 - - [06/Feb/2019:15:59:23 +0000] "DELETE /api/author/1 HTTP/1.1" 200 33 "-" "PostmanRuntime/7.6.0"
::1 - - [06/Feb/2019:15:59:26 +0000] "DELETE /api/author/1 HTTP/1.1" 200 33 "-" "PostmanRuntime/7.6.0"
::1 - - [06/Feb/2019:15:59:38 +0000] "POST /api/author HTTP/1.1" 201 45 "-" "PostmanRuntime/7.6.0"
::1 - - [06/Feb/2019:15:59:42 +0000] "POST /api/author HTTP/1.1" 500 166 "-" "PostmanRuntime/7.6.0"
::1 - - [06/Feb/2019:17:11:09 +0000] "POST /api/book HTTP/1.1" 400 - "-" "PostmanRuntime/7.6.0"
::1 - - [06/Feb/2019:17:40:23 +0000] "POST /api/author HTTP/1.1" 201 41 "-" "PostmanRuntime/7.6.0"
::1 - - [06/Feb/2019:17:43:54 +0000] "POST /api/book HTTP/1.1" 200 59 "-" "PostmanRuntime/7.6.0"
::1 - - [06/Feb/2019:17:44:21 +0000] "DELETE /api/author/1 HTTP/1.1" 200 29 "-" "PostmanRuntime/7.6.0"
::1 - - [06/Feb/2019:17:44:24 +0000] "DELETE /api/author/1 HTTP/1.1" 200 33 "-" "PostmanRuntime/7.6.0"
::1 - - [06/Feb/2019:17:44:33 +0000] "POST /api/book HTTP/1.1" 200 0 "-" "PostmanRuntime/7.6.0"
::1 - - [06/Feb/2019:17:45:04 +0000] "POST /api/book HTTP/1.1" 200 0 "-" "PostmanRuntime/7.6.0"
::1 - - [06/Feb/2019:17:52:58 +0000] "POST /api/book HTTP/1.1" 500 2 "-" "PostmanRuntime/7.6.0"
::1 - - [06/Feb/2019:17:53:23 +0000] "POST /api/book HTTP/1.1" 201 30 "-" "PostmanRuntime/7.6.0"
::1 - - [06/Feb/2019:17:59:16 +0000] "POST /api/book HTTP/1.1" 400 - "-" "PostmanRuntime/7.6.0"
::1 - - [06/Feb/2019:17:59:21 +0000] "GET /api/book HTTP/1.1" 400 - "-" "PostmanRuntime/7.6.0"
::1 - - [06/Feb/2019:17:59:41 +0000] "GET /api/book/1 HTTP/1.1" 200 138 "-" "PostmanRuntime/7.6.0"
::1 - - [06/Feb/2019:18:13:46 +0000] "GET /api/book/1 HTTP/1.1" 200 171 "-" "PostmanRuntime/7.6.0"
::1 - - [06/Feb/2019:18:16:52 +0000] "GET /api/book/1 HTTP/1.1" 200 173 "-" "PostmanRuntime/7.6.0"
::1 - - [06/Feb/2019:18:18:14 +0000] "GET /api/book/1 HTTP/1.1" 200 173 "-" "PostmanRuntime/7.6.0"
::1 - - [06/Feb/2019:18:18:34 +0000] "GET /api/book HTTP/1.1" 400 - "-" "PostmanRuntime/7.6.0"
::1 - - [06/Feb/2019:18:18:36 +0000] "POST /api/book HTTP/1.1" 201 30 "-" "PostmanRuntime/7.6.0"
::1 - - [06/Feb/2019:18:18:43 +0000] "POST /api/book HTTP/1.1" 201 30 "-" "PostmanRuntime/7.6.0"
::1 - - [06/Feb/2019:18:19:16 +0000] "GET /api/book/1 HTTP/1.1" 200 173 "-" "PostmanRuntime/7.6.0"
::1 - - [06/Feb/2019:18:52:54 +0000] "POST /api/book/1 HTTP/1.1" 404 150 "-" "PostmanRuntime/7.6.0"
::1 - - [06/Feb/2019:18:52:59 +0000] "POST /api/book HTTP/1.1" 201 30 "-" "PostmanRuntime/7.6.0"
::1 - - [06/Feb/2019:18:53:03 +0000] "POST /api/book HTTP/1.1" 201 30 "-" "PostmanRuntime/7.6.0"
::1 - - [06/Feb/2019:18:53:18 +0000] "GET /api/book/1 HTTP/1.1" 200 517 "-" "PostmanRuntime/7.6.0"
::1 - - [06/Feb/2019:18:53:41 +0000] "GET /api/book/1 HTTP/1.1" 500 2 "-" "PostmanRuntime/7.6.0"
::1 - - [06/Feb/2019:18:53:57 +0000] "GET /api/book/1 HTTP/1.1" 500 2 "-" "PostmanRuntime/7.6.0"
::1 - - [06/Feb/2019:18:54:29 +0000] "GET /api/book/1 HTTP/1.1" 200 517 "-" "PostmanRuntime/7.6.0"
::1 - - [06/Feb/2019:18:55:18 +0000] "DELETE /api/book/1 HTTP/1.1" 500 2 "-" "PostmanRuntime/7.6.0"
::1 - - [06/Feb/2019:18:56:14 +0000] "DELETE /api/book/1 HTTP/1.1" 500 2 "-" "PostmanRuntime/7.6.0"
::1 - - [06/Feb/2019:19:00:15 +0000] "DELETE /api/book/1 HTTP/1.1" 500 2 "-" "PostmanRuntime/7.6.0"
::1 - - [06/Feb/2019:19:02:19 +0000] "DELETE /api/book/1 HTTP/1.1" 500 2418 "-" "PostmanRuntime/7.6.0"
::1 - - [06/Feb/2019:19:02:38 +0000] "DELETE /api/book/1 HTTP/1.1" 200 7 "-" "PostmanRuntime/7.6.0"
::1 - - [06/Feb/2019:19:02:43 +0000] "DELETE /api/book/1 HTTP/1.1" 200 7 "-" "PostmanRuntime/7.6.0"
::1 - - [06/Feb/2019:19:02:46 +0000] "DELETE /api/book/1 HTTP/1.1" 200 7 "-" "PostmanRuntime/7.6.0"
::1 - - [06/Feb/2019:19:02:47 +0000] "DELETE /api/book/1 HTTP/1.1" 200 7 "-" "PostmanRuntime/7.6.0"
::1 - - [06/Feb/2019:19:02:48 +0000] "DELETE /api/book/1 HTTP/1.1" 200 7 "-" "PostmanRuntime/7.6.0"
::1 - - [06/Feb/2019:19:02:49 +0000] "DELETE /api/book/1 HTTP/1.1" 200 7 "-" "PostmanRuntime/7.6.0"
::1 - - [06/Feb/2019:19:02:50 +0000] "DELETE /api/book/1 HTTP/1.1" 200 7 "-" "PostmanRuntime/7.6.0"
::1 - - [06/Feb/2019:19:02:51 +0000] "DELETE /api/book/1 HTTP/1.1" 200 7 "-" "PostmanRuntime/7.6.0"
::1 - - [06/Feb/2019:19:02:52 +0000] "DELETE /api/book/1 HTTP/1.1" 200 7 "-" "PostmanRuntime/7.6.0"
::1 - - [06/Feb/2019:19:02:53 +0000] "DELETE /api/book/1 HTTP/1.1" 200 7 "-" "PostmanRuntime/7.6.0"
::1 - - [06/Feb/2019:19:02:54 +0000] "DELETE /api/book/1 HTTP/1.1" 200 7 "-" "PostmanRuntime/7.6.0"
::1 - - [06/Feb/2019:19:02:55 +0000] "DELETE /api/book/1 HTTP/1.1" 200 7 "-" "PostmanRuntime/7.6.0"
::1 - - [06/Feb/2019:19:02:56 +0000] "DELETE /api/book/1 HTTP/1.1" 200 7 "-" "PostmanRuntime/7.6.0"
::1 - - [06/Feb/2019:19:02:56 +0000] "DELETE /api/book/1 HTTP/1.1" 200 7 "-" "PostmanRuntime/7.6.0"
::1 - - [06/Feb/2019:19:02:57 +0000] "DELETE /api/book/1 HTTP/1.1" 200 7 "-" "PostmanRuntime/7.6.0"
::1 - - [06/Feb/2019:19:03:12 +0000] "DELETE /api/book/1 HTTP/1.1" 200 0 "-" "PostmanRuntime/7.6.0"
::1 - - [06/Feb/2019:19:03:20 +0000] "DELETE /api/book/1 HTTP/1.1" 200 0 "-" "PostmanRuntime/7.6.0"
::1 - - [06/Feb/2019:19:03:21 +0000] "DELETE /api/book/1 HTTP/1.1" 200 0 "-" "PostmanRuntime/7.6.0"
::1 - - [06/Feb/2019:19:03:22 +0000] "DELETE /api/book/1 HTTP/1.1" 200 0 "-" "PostmanRuntime/7.6.0"
::1 - - [06/Feb/2019:19:06:27 +0000] "DELETE /api/book/1 HTTP/1.1" 200 - "-" "PostmanRuntime/7.6.0"
::1 - - [06/Feb/2019:19:06:42 +0000] "GET /api/book/1 HTTP/1.1" 200 2 "-" "PostmanRuntime/7.6.0"
::1 - - [06/Feb/2019:19:07:26 +0000] "POST /api/book HTTP/1.1" 201 30 "-" "PostmanRuntime/7.6.0"
::1 - - [06/Feb/2019:19:07:39 +0000] "POST /api/book HTTP/1.1" 201 30 "-" "PostmanRuntime/7.6.0"
::1 - - [06/Feb/2019:19:07:59 +0000] "GET /api/book/1 HTTP/1.1" 200 173 "-" "PostmanRuntime/7.6.0"
::1 - - [06/Feb/2019:19:08:24 +0000] "DELETE /api/book/1 HTTP/1.1" 200 - "-" "PostmanRuntime/7.6.0"
::1 - - [06/Feb/2019:19:08:29 +0000] "GET /api/book/1 HTTP/1.1" 200 173 "-" "PostmanRuntime/7.6.0"
::1 - - [06/Feb/2019:19:08:49 +0000] "DELETE /api/book/1 HTTP/1.1" 500 2 "-" "PostmanRuntime/7.6.0"
::1 - - [06/Feb/2019:19:09:02 +0000] "DELETE /api/book/1 HTTP/1.1" 500 2 "-" "PostmanRuntime/7.6.0"
::1 - - [06/Feb/2019:19:29:58 +0000] "POST /api/book HTTP/1.1" 201 138 "-" "PostmanRuntime/7.6.0"
::1 - - [06/Feb/2019:19:30:05 +0000] "POST /api/book HTTP/1.1" 201 138 "-" "PostmanRuntime/7.6.0"
::1 - - [06/Feb/2019:19:30:08 +0000] "POST /api/book HTTP/1.1" 201 138 "-" "PostmanRuntime/7.6.0"
::1 - - [06/Feb/2019:19:30:23 +0000] "GET /api/book/5c5b35b68251e817c087de7c HTTP/1.1" 400 - "-" "PostmanRuntime/7.6.0"
::1 - - [06/Feb/2019:19:32:04 +0000] "GET /api/book/5c5b35b68251e817c087de7c HTTP/1.1" 400 - "-" "PostmanRuntime/7.6.0"
::1 - - [06/Feb/2019:19:32:26 +0000] "GET /api/book/5c5b35b68251e817c087de7c HTTP/1.1" 200 138 "-" "PostmanRuntime/7.6.0"
::1 - - [06/Feb/2019:19:32:38 +0000] "DELETE /api/book/5c5b35b68251e817c087de7c HTTP/1.1" 400 - "-" "PostmanRuntime/7.6.0"
::1 - - [06/Feb/2019:19:33:23 +0000] "DELETE /api/book/5c5b35b68251e817c087de7c HTTP/1.1" 404 - "-" "PostmanRuntime/7.6.0"
::1 - - [06/Feb/2019:19:33:55 +0000] "DELETE /api/book/5c5b35b68251e817c087de7c HTTP/1.1" 500 2 "-" "PostmanRuntime/7.6.0"
::1 - - [06/Feb/2019:19:34:02 +0000] "DELETE /api/book/5c5b35b68251e817c087de7c HTTP/1.1" 500 2 "-" "PostmanRuntime/7.6.0"
::1 - - [06/Feb/2019:19:34:22 +0000] "DELETE /api/book/5c5b35b68251e817c087de7d HTTP/1.1" 500 2 "-" "PostmanRuntime/7.6.0"
::1 - - [06/Feb/2019:19:43:07 +0000] "DELETE /api/book/5c5b35b68251e817c087de7d HTTP/1.1" 500 2 "-" "PostmanRuntime/7.6.0"
::1 - - [06/Feb/2019:19:43:09 +0000] "DELETE /api/book/5c5b35b68251e817c087de7d HTTP/1.1" 500 2 "-" "PostmanRuntime/7.6.0"
::1 - - [06/Feb/2019:19:44:24 +0000] "DELETE /api/book/5c5b35b68251e817c087de7d HTTP/1.1" 404 51 "-" "PostmanRuntime/7.6.0"
::1 - - [06/Feb/2019:19:44:31 +0000] "GET /api/book/5c5b35b68251e817c087de7d HTTP/1.1" 404 30 "-" "PostmanRuntime/7.6.0"
::1 - - [06/Feb/2019:19:44:38 +0000] "GET /api/book/5c5b35b68251e817c087de7c HTTP/1.1" 404 30 "-" "PostmanRuntime/7.6.0"
::1 - - [06/Feb/2019:19:44:50 +0000] "POST /api/book HTTP/1.1" 201 138 "-" "PostmanRuntime/7.6.0"
::1 - - [06/Feb/2019:19:45:03 +0000] "GET /api/book/5c5b3932cf37350eb896f8e6 HTTP/1.1" 200 138 "-" "PostmanRuntime/7.6.0"
::1 - - [06/Feb/2019:19:45:08 +0000] "DELETE /api/book/5c5b3932cf37350eb896f8e6 HTTP/1.1" 200 57 "-" "PostmanRuntime/7.6.0"
::1 - - [06/Feb/2019:19:45:13 +0000] "GET /api/book/5c5b3932cf37350eb896f8e6 HTTP/1.1" 404 30 "-" "PostmanRuntime/7.6.0"
::1 - - [06/Feb/2019:19:45:51 +0000] "PUT /api/book/5c5b3932cf37350eb896f8e6 HTTP/1.1" 500 2 "-" "PostmanRuntime/7.6.0"
::1 - - [06/Feb/2019:19:46:04 +0000] "GET /api/book/5c5b3932cf37350eb896f8e6 HTTP/1.1" 404 30 "-" "PostmanRuntime/7.6.0"
::1 - - [06/Feb/2019:19:46:15 +0000] "POST /api/book HTTP/1.1" 201 138 "-" "PostmanRuntime/7.6.0"
::1 - - [06/Feb/2019:19:46:33 +0000] "PUT /api/book/5c5b3987cf37350eb896f8e8 HTTP/1.1" 500 2 "-" "PostmanRuntime/7.6.0"
::1 - - [06/Feb/2019:19:46:44 +0000] "PUT /api/book/5c5b3987cf37350eb896f8e8 HTTP/1.1" 400 - "-" "PostmanRuntime/7.6.0"
::1 - - [06/Feb/2019:19:47:18 +0000] "PUT /api/book/5c5b3987cf37350eb896f8e8 HTTP/1.1" 500 2 "-" "PostmanRuntime/7.6.0"
::1 - - [06/Feb/2019:19:52:41 +0000] "GET /api/book/5c5b3987cf37350eb896f8e8 HTTP/1.1" 200 138 "-" "PostmanRuntime/7.6.0"
::1 - - [06/Feb/2019:19:53:51 +0000] "POST /api/book HTTP/1.1" 201 138 "-" "PostmanRuntime/7.6.0"
::1 - - [06/Feb/2019:19:54:19 +0000] "POST /api/book HTTP/1.1" 500 2 "-" "PostmanRuntime/7.6.0"
::1 - - [06/Feb/2019:19:54:24 +0000] "POST /api/book HTTP/1.1" 500 2 "-" "PostmanRuntime/7.6.0"
::1 - - [06/Feb/2019:19:55:11 +0000] "POST /api/book HTTP/1.1" 500 2478 "-" "PostmanRuntime/7.6.0"
::1 - - [06/Feb/2019:19:55:33 +0000] "POST /api/book HTTP/1.1" 201 138 "-" "PostmanRuntime/7.6.0"
::1 - - [06/Feb/2019:19:55:45 +0000] "GET /api/book/5c5b3bb57b14a91c5499bf3d HTTP/1.1" 200 171 "-" "PostmanRuntime/7.6.0"
::1 - - [06/Feb/2019:19:56:16 +0000] "PUT /api/book/5c5b3bb57b14a91c5499bf3d HTTP/1.1" 500 2 "-" "PostmanRuntime/7.6.0"
::1 - - [06/Feb/2019:19:57:08 +0000] "PUT /api/book/5c5b3bb57b14a91c5499bf3d HTTP/1.1" 400 - "-" "PostmanRuntime/7.6.0"
::1 - - [06/Feb/2019:19:57:52 +0000] "PUT /api/book/5c5b3bb57b14a91c5499bf3d HTTP/1.1" 200 54 "-" "PostmanRuntime/7.6.0"
::1 - - [06/Feb/2019:19:57:59 +0000] "GET /api/book/5c5b3bb57b14a91c5499bf3d HTTP/1.1" 200 167 "-" "PostmanRuntime/7.6.0"
::1 - - [06/Feb/2019:20:02:34 +0000] "POST /api/author HTTP/1.1" 201 39 "-" "PostmanRuntime/7.6.0"
::1 - - [06/Feb/2019:20:03:05 +0000] "POST /api/author HTTP/1.1" 500 160 "-" "PostmanRuntime/7.6.0"
::1 - - [06/Feb/2019:20:03:17 +0000] "POST /api/author HTTP/1.1" 201 58 "-" "PostmanRuntime/7.6.0"
::1 - - [06/Feb/2019:20:03:36 +0000] "GET /api/author/5c5b3d859f63af1c24307dec HTTP/1.1" 200 58 "-" "PostmanRuntime/7.6.0"
::1 - - [06/Feb/2019:20:03:54 +0000] "PUT /api/author/5c5b3d859f63af1c24307dec HTTP/1.1" 200 30 "-" "PostmanRuntime/7.6.0"
::1 - - [06/Feb/2019:20:04:06 +0000] "GET /api/author/5c5b3d859f63af1c24307dec HTTP/1.1" 400 - "-" "PostmanRuntime/7.6.0"
::1 - - [06/Feb/2019:20:26:15 +0000] "POST /api/author/5c5b3d859f63af1c24307dec HTTP/1.1" 404 175 "-" "PostmanRuntime/7.6.0"
::1 - - [06/Feb/2019:20:26:17 +0000] "POST /api/author HTTP/1.1" 500 2526 "-" "PostmanRuntime/7.6.0"
::1 - - [06/Feb/2019:20:31:36 +0000] "POST /api/author HTTP/1.1" 500 2526 "-" "PostmanRuntime/7.6.0"
::1 - - [06/Feb/2019:20:32:24 +0000] "POST /api/author HTTP/1.1" 500 2526 "-" "PostmanRuntime/7.6.0"
::1 - - [06/Feb/2019:20:33:38 +0000] "POST /api/author HTTP/1.1" 500 2526 "-" "PostmanRuntime/7.6.0"
::1 - - [06/Feb/2019:20:34:45 +0000] "POST /api/author HTTP/1.1" 500 2526 "-" "PostmanRuntime/7.6.0"
::1 - - [06/Feb/2019:20:37:24 +0000] "POST /api/author HTTP/1.1" 500 2526 "-" "PostmanRuntime/7.6.0"
::1 - - [06/Feb/2019:20:39:01 +0000] "POST /api/author HTTP/1.1" 500 2526 "-" "PostmanRuntime/7.6.0"
::1 - - [06/Feb/2019:20:43:27 +0000] "POST /api/book HTTP/1.1" 201 138 "-" "PostmanRuntime/7.6.0"
::1 - - [06/Feb/2019:20:43:41 +0000] "GET /api/book/5c5b46ef04f48c0a806ab969 HTTP/1.1" 200 171 "-" "PostmanRuntime/7.6.0"
::1 - - [06/Feb/2019:20:44:00 +0000] "PUT /api/book/5c5b46ef04f48c0a806ab969 HTTP/1.1" 200 54 "-" "PostmanRuntime/7.6.0"
::1 - - [06/Feb/2019:20:44:09 +0000] "GET /api/book/5c5b46ef04f48c0a806ab969 HTTP/1.1" 200 167 "-" "PostmanRuntime/7.6.0"
::1 - - [06/Feb/2019:20:44:20 +0000] "DELETE /api/book/5c5b46ef04f48c0a806ab969 HTTP/1.1" 200 57 "-" "PostmanRuntime/7.6.0"
::1 - - [06/Feb/2019:20:44:48 +0000] "POST /api/book/author HTTP/1.1" 404 155 "-" "PostmanRuntime/7.6.0"
::1 - - [06/Feb/2019:20:45:13 +0000] "POST /api/book/author HTTP/1.1" 404 155 "-" "PostmanRuntime/7.6.0"
::1 - - [06/Feb/2019:20:45:39 +0000] "POST /api/author HTTP/1.1" 500 2526 "-" "PostmanRuntime/7.6.0"
::1 - - [06/Feb/2019:20:52:33 +0000] "GET /api/author/5c5b46ef04f48c0a806ab969 HTTP/1.1" 500 2516 "-" "PostmanRuntime/7.6.0"
::1 - - [06/Feb/2019:20:54:04 +0000] "POST /api/author HTTP/1.1" 201 60 "-" "PostmanRuntime/7.6.0"
::1 - - [06/Feb/2019:20:54:13 +0000] "GET /api/author/5c5b496ccabea51fecee458b HTTP/1.1" 200 60 "-" "PostmanRuntime/7.6.0"
::1 - - [06/Feb/2019:20:54:33 +0000] "PUT /api/author/5c5b496ccabea51fecee458b HTTP/1.1" 200 29 "-" "PostmanRuntime/7.6.0"
::1 - - [06/Feb/2019:20:54:40 +0000] "GET /api/author/5c5b496ccabea51fecee458b HTTP/1.1" 200 59 "-" "PostmanRuntime/7.6.0"
